2025-03-02 06:52:59,881 - INFO - 🚀 PROD: Starting...
2025-03-02 06:52:59,881 - INFO - Fetching repositories...
2025-03-02 06:53:11,479 - INFO - Found 42 repos
2025-03-02 06:53:11,480 - INFO - Filtering repos based on parent name...
2025-03-02 06:53:15,275 - INFO - 
Kept 42 repos after filtering.
2025-03-02 06:53:15,275 - INFO - Excluded 0 repos after filtering.
2025-03-02 06:53:15,276 - INFO - 
Repository lists have been written to 'included_repos_20250302_065315.txt' and 'excluded_repos_20250302_065315.txt'
2025-03-02 06:53:23,940 - INFO - Verifying repository access...
2025-03-02 06:53:39,034 - INFO - Found 42 accessible repositories
2025-03-02 06:53:39,701 - INFO - ✅ No changes needed in hiver25-tp2-os-staff-test - files are identical
2025-03-02 06:53:41,628 - INFO - ✅ Processed hiver25-tp2-os-the-f-team with 1 files
2025-03-02 06:53:44,096 - INFO - ✅ Processed hiver25-tp2-os-im-dh with 1 files
2025-03-02 06:53:46,785 - INFO - ✅ Processed hiver25-tp2-os-aissatou-naromba with 1 files
2025-03-02 06:53:50,147 - INFO - ✅ Processed hiver25-tp2-os-mh with 1 files
2025-03-02 06:53:52,082 - INFO - ✅ Processed hiver25-tp2-os-arpad with 1 files
2025-03-02 06:53:57,060 - INFO - ✅ Processed hiver25-tp2-os-mehdi-octavian with 1 files
2025-03-02 06:53:59,119 - INFO - ✅ Processed hiver25-tp2-os-100ktcplz with 1 files
2025-03-02 06:54:02,708 - INFO - ✅ Processed hiver25-tp2-os-mathias-youssef with 1 files
2025-03-02 06:54:06,149 - INFO - ✅ Processed hiver25-tp2-os-louis-et-emeric with 1 files
2025-03-02 06:54:11,575 - INFO - ✅ Processed hiver25-tp2-os-hq with 1 files
2025-03-02 06:54:16,021 - INFO - ✅ Processed hiver25-tp2-os-martin-gabriel with 1 files
2025-03-02 06:54:19,709 - INFO - ✅ Processed hiver25-tp2-os-croissant with 1 files
2025-03-02 06:54:23,995 - INFO - ✅ Processed hiver25-tp2-os-lucas-sophie with 1 files
2025-03-02 06:54:26,956 - INFO - ✅ Processed hiver25-tp2-os-charlie with 1 files
2025-03-02 06:54:29,592 - INFO - ✅ Processed hiver25-tp2-os-chill-guys with 1 files
2025-03-02 06:54:33,501 - INFO - ✅ Processed hiver25-tp2-os-ant-hozi with 1 files
2025-03-02 06:54:36,528 - INFO - ✅ Processed hiver25-tp2-os-jeremy-emna with 1 files
2025-03-02 06:54:41,404 - INFO - ✅ Processed hiver25-tp2-os-al-ss with 1 files
2025-03-02 06:54:43,626 - INFO - ✅ Processed hiver25-tp2-os-popov with 1 files
2025-03-02 06:54:48,230 - INFO - ✅ Processed hiver25-tp2-os-at-ntt with 1 files
2025-03-02 06:54:51,558 - INFO - ✅ Processed hiver25-tp2-os-grilled-cheese with 1 files
2025-03-02 06:54:55,552 - INFO - ✅ Processed hiver25-tp2-os-mtt with 1 files
2025-03-02 06:54:58,813 - INFO - ✅ Processed hiver25-tp2-os-ze-hb with 1 files
2025-03-02 06:55:04,452 - INFO - ✅ Processed hiver25-tp2-os-am-lp with 1 files
2025-03-02 06:55:10,057 - INFO - ✅ Processed hiver25-tp2-os-panko-snig with 1 files
2025-03-02 06:55:12,212 - INFO - ✅ Processed hiver25-tp2-os-iman-trung with 1 files
2025-03-02 06:55:17,363 - INFO - ✅ Processed hiver25-tp2-os-ml-kf with 1 files
2025-03-02 06:55:21,464 - INFO - ✅ Processed hiver25-tp2-os-enric-alexandre with 1 files
2025-03-02 06:55:26,800 - INFO - ✅ Processed hiver25-tp2-os-yamal with 1 files
2025-03-02 06:55:31,221 - INFO - ✅ Processed hiver25-tp2-os-les-licornes with 1 files
2025-03-02 06:55:32,995 - INFO - ✅ Processed hiver25-tp2-os-jj-team with 1 files
2025-03-02 06:55:36,878 - INFO - ✅ Processed hiver25-tp2-os-cr with 1 files
2025-03-02 06:55:39,223 - INFO - ✅ Processed hiver25-tp2-os-wayphe with 1 files
2025-03-02 06:55:43,180 - INFO - ✅ Processed hiver25-tp2-os-maxime with 1 files
2025-03-02 06:55:47,632 - INFO - ✅ Processed hiver25-tp2-os-taoudi27 with 1 files
2025-03-02 06:55:50,168 - INFO - ✅ Processed hiver25-tp2-os-olivier-clauderick with 1 files
2025-03-02 06:55:54,038 - INFO - ✅ Processed hiver25-tp2-os-dd-hb with 1 files
2025-03-02 06:55:57,976 - INFO - ✅ Processed hiver25-tp2-os-usb with 1 files
2025-03-02 06:56:01,363 - INFO - ✅ Processed hiver25-tp2-os-ej-team with 1 files
2025-03-02 06:56:06,165 - INFO - ✅ Processed hiver25-tp2-os-catina-asmaa with 1 files
2025-03-02 06:56:10,894 - INFO - ✅ Processed hiver25-tp2-os-olive with 1 files
2025-03-02 06:56:10,896 - INFO - 
Processing Statistics:
2025-03-02 06:56:10,896 - INFO - Total Repositories: 42
2025-03-02 06:56:10,896 - INFO - Successful: 42
2025-03-02 06:56:10,896 - INFO - Failed: 0
2025-03-02 06:56:10,896 - INFO - Total Duration: 0.00 seconds
2025-03-02 06:56:10,896 - INFO - Total Retries: 0
